<?xml version="1.0" encoding="UTF-8"?>
<coverage generated="1687471362011" clover="3.2.0">
  <project timestamp="1687471362011" name="All files">
    <metrics statements="0" coveredstatements="0" conditionals="0" coveredconditionals="0" methods="1" coveredmethods="1" elements="1" coveredelements="1" complexity="0" loc="0" ncloc="0" packages="1" files="1" classes="1"/>
    <file name="Character.js" path="C:\Users\INTEL 10700K\Desktop\RPG\src\Character.js">
      <metrics statements="0" coveredstatements="0" conditionals="0" coveredconditionals="0" methods="1" coveredmethods="1"/>
    </file>
  </project>
</coverage>
