{"C:\\Users\\INTEL 10700K\\Desktop\\RPG\\src\\Character.js": {"path":"C:\\Users\\INTEL 10700K\\Desktop\\RPG\\src\\Character.js","statementMap":{"0":{"start":{"line":4,"column":6},"end":{"line":4,"column":21}},"1":{"start":{"line":5,"column":6},"end":{"line":5,"column":48}},"2":{"start":{"line":6,"column":6},"end":{"line":6,"column":25}},"3":{"start":{"line":7,"column":6},"end":{"line":7,"column":21}},"4":{"start":{"line":11,"column":20},"end":{"line":11,"column":47}},"5":{"start":{"line":12,"column":8},"end":{"line":15,"column":9}},"6":{"start":{"line":13,"column":24},"end":{"line":13,"column":57}},"7":{"start":{"line":14,"column":12},"end":{"line":14,"column":32}},"8":{"start":{"line":16,"column":8},"end":{"line":16,"column":21}},"9":{"start":{"line":22,"column":8},"end":{"line":22,"column":16}},"10":{"start":{"line":23,"column":8},"end":{"line":23,"column":36}},"11":{"start":{"line":24,"column":8},"end":{"line":24,"column":49}},"12":{"start":{"line":25,"column":8},"end":{"line":25,"column":31}}},"fnMap":{"0":{"name":"(anonymous_0)","decl":{"start":{"line":3,"column":4},"end":{"line":3,"column":5}},"loc":{"start":{"line":3,"column":18},"end":{"line":8,"column":5}},"line":3},"1":{"name":"(anonymous_1)","decl":{"start":{"line":10,"column":4},"end":{"line":10,"column":5}},"loc":{"start":{"line":10,"column":45},"end":{"line":17,"column":5}},"line":10},"2":{"name":"(anonymous_2)","decl":{"start":{"line":21,"column":4},"end":{"line":21,"column":5}},"loc":{"start":{"line":21,"column":18},"end":{"line":26,"column":5}},"line":21}},"branchMap":{"0":{"loc":{"start":{"line":12,"column":8},"end":{"line":15,"column":9}},"type":"if","locations":[{"start":{"line":12,"column":8},"end":{"line":15,"column":9}},{"start":{"line":12,"column":8},"end":{"line":15,"column":9}}],"line":12},"1":{"loc":{"start":{"line":12,"column":12},"end":{"line":12,"column":65}},"type":"binary-expr","locations":[{"start":{"line":12,"column":12},"end":{"line":12,"column":38}},{"start":{"line":12,"column":42},"end":{"line":12,"column":65}}],"line":12}},"s":{"0":5,"1":5,"2":5,"3":5,"4":3,"5":3,"6":2,"7":2,"8":1,"9":1,"10":1,"11":1,"12":1},"f":{"0":5,"1":3,"2":1},"b":{"0":[2,1],"1":[3,2]},"_coverageSchema":"43e27e138ebf9cfc5966b082cf9a028302ed4184","hash":"b731992ef9627f638d933551d6e9658a6fa0863c"}
}
