{"C:\\Users\\INTEL 10700K\\Desktop\\RPG\\src\\Character.js": {"path":"C:\\Users\\INTEL 10700K\\Desktop\\RPG\\src\\Character.js","statementMap":{"0":{"start":{"line":4,"column":6},"end":{"line":4,"column":21}},"1":{"start":{"line":5,"column":6},"end":{"line":5,"column":48}},"2":{"start":{"line":6,"column":6},"end":{"line":6,"column":25}},"3":{"start":{"line":7,"column":6},"end":{"line":7,"column":21}},"4":{"start":{"line":11,"column":20},"end":{"line":11,"column":47}},"5":{"start":{"line":17,"column":8},"end":{"line":17,"column":21}}},"fnMap":{"0":{"name":"(anonymous_0)","decl":{"start":{"line":3,"column":4},"end":{"line":3,"column":5}},"loc":{"start":{"line":3,"column":18},"end":{"line":8,"column":5}},"line":3},"1":{"name":"(anonymous_1)","decl":{"start":{"line":10,"column":4},"end":{"line":10,"column":5}},"loc":{"start":{"line":10,"column":45},"end":{"line":18,"column":5}},"line":10}},"branchMap":{},"s":{"0":3,"1":3,"2":3,"3":3,"4":2,"5":2},"f":{"0":3,"1":2},"b":{},"_coverageSchema":"43e27e138ebf9cfc5966b082cf9a028302ed4184","hash":"fdbc28929bb1d48553bfbd4bb1441f4f7ee5c827"}
}
